d:\dropbox\university\year 4 - computer science\semester 2\comp-3520 intro to computer graphics\assignments\new assignment 2\project1\x64\debug\vc141.pdb
d:\dropbox\university\year 4 - computer science\semester 2\comp-3520 intro to computer graphics\assignments\new assignment 2\project1\x64\debug\myform.obj
d:\dropbox\university\year 4 - computer science\semester 2\comp-3520 intro to computer graphics\assignments\new assignment 2\project1\x64\debug\gfx_sdl.obj
d:\dropbox\university\year 4 - computer science\semester 2\comp-3520 intro to computer graphics\assignments\new assignment 2\project1\x64\debug\.netframework,version=v4.5.assemblyattributes.obj
d:\dropbox\university\year 4 - computer science\semester 2\comp-3520 intro to computer graphics\assignments\new assignment 2\project1\x64\debug\.netframework,version=v4.5.assemblyattributes.asm
d:\dropbox\university\year 4 - computer science\semester 2\comp-3520 intro to computer graphics\assignments\new assignment 2\project1\x64\debug\project1.exe
d:\dropbox\university\year 4 - computer science\semester 2\comp-3520 intro to computer graphics\assignments\new assignment 2\project1\x64\debug\project1.pdb
d:\dropbox\university\year 4 - computer science\semester 2\comp-3520 intro to computer graphics\assignments\new assignment 2\project1\x64\debug\project1.myform.resources
d:\dropbox\university\year 4 - computer science\semester 2\comp-3520 intro to computer graphics\assignments\new assignment 2\project1\x64\debug\project1.lib
d:\dropbox\university\year 4 - computer science\semester 2\comp-3520 intro to computer graphics\assignments\new assignment 2\project1\x64\debug\project1.exp
d:\dropbox\university\year 4 - computer science\semester 2\comp-3520 intro to computer graphics\assignments\new assignment 2\project1\x64\debug\project1.vcxproj.generateresource.cache
d:\dropbox\university\year 4 - computer science\semester 2\comp-3520 intro to computer graphics\assignments\new assignment 2\project1\x64\debug\project1.vcxprojassemblyreference.cache
d:\dropbox\university\year 4 - computer science\semester 2\comp-3520 intro to computer graphics\assignments\new assignment 2\project1\x64\debug\project1.exe.metagen
d:\dropbox\university\year 4 - computer science\semester 2\comp-3520 intro to computer graphics\assignments\new assignment 2\project1\x64\debug\project1.tlog\cl.command.1.tlog
d:\dropbox\university\year 4 - computer science\semester 2\comp-3520 intro to computer graphics\assignments\new assignment 2\project1\x64\debug\project1.tlog\cl.read.1.tlog
d:\dropbox\university\year 4 - computer science\semester 2\comp-3520 intro to computer graphics\assignments\new assignment 2\project1\x64\debug\project1.tlog\cl.write.1.tlog
d:\dropbox\university\year 4 - computer science\semester 2\comp-3520 intro to computer graphics\assignments\new assignment 2\project1\x64\debug\project1.tlog\link.command.1.tlog
d:\dropbox\university\year 4 - computer science\semester 2\comp-3520 intro to computer graphics\assignments\new assignment 2\project1\x64\debug\project1.tlog\link.read.1.tlog
d:\dropbox\university\year 4 - computer science\semester 2\comp-3520 intro to computer graphics\assignments\new assignment 2\project1\x64\debug\project1.tlog\link.write.1.tlog
d:\dropbox\university\year 4 - computer science\semester 2\comp-3520 intro to computer graphics\assignments\new assignment 2\project1\x64\debug\project1.tlog\metagen.read.1.tlog
d:\dropbox\university\year 4 - computer science\semester 2\comp-3520 intro to computer graphics\assignments\new assignment 2\project1\x64\debug\project1.tlog\metagen.write.1.tlog
d:\dropbox\university\year 4 - computer science\semester 2\comp-3520 intro to computer graphics\assignments\new assignment 2\project1\x64\debug\project1.tlog\project1.write.1u.tlog
